2025/07/28 16:27:34 Config file used: /root/code/1dev/cesi/go-cesi/config.toml
2025/07/28 16:27:34 Raw nodes config: <nil>
2025/07/28 16:27:34 Config loaded: Server port: 8081, Admin: admin, Nodes count: 0
2025/07/28 16:27:34 Database initialized successfully
2025/07/28 16:27:34 Loading 0 nodes from config...
[GIN-debug] [WARNING] Creating an Engine instance with the Logger and Recovery middleware already attached.

[GIN-debug] [WARNING] Running in "debug" mode. Switch to "release" mode in production.
 - using env:	export GIN_MODE=release
 - using code:	gin.SetMode(gin.ReleaseMode)

[GIN-debug] Loaded HTML Templates (11): 
	- activity_logs.html
	- dashboard.html
	- environments.html
	- index.html
	- nodes.html
	- users.html
	- 
	- activity-logs.html
	- groups.html
	- login.html
	- logs.html

[GIN-debug] GET    /static/*filepath         --> github.com/gin-gonic/gin.(*RouterGroup).createStaticHandler.func1 (3 handlers)
[GIN-debug] HEAD   /static/*filepath         --> github.com/gin-gonic/gin.(*RouterGroup).createStaticHandler.func1 (3 handlers)
[GIN-debug] GET    /react/*filepath          --> github.com/gin-gonic/gin.(*RouterGroup).createStaticHandler.func1 (3 handlers)
[GIN-debug] HEAD   /react/*filepath          --> github.com/gin-gonic/gin.(*RouterGroup).createStaticHandler.func1 (3 handlers)
[GIN-debug] POST   /api/auth/login           --> github.com/yourusername/go-cesi/internal/auth.(*AuthService).Login-fm (3 handlers)
[GIN-debug] POST   /api/auth/logout          --> github.com/yourusername/go-cesi/internal/auth.(*AuthService).Logout-fm (3 handlers)
[GIN-debug] GET    /api/auth/user            --> github.com/yourusername/go-cesi/internal/auth.(*AuthService).GetCurrentUser-fm (4 handlers)
[GIN-debug] GET    /api/health               --> github.com/yourusername/go-cesi/internal/api.SetupRoutes.func1 (4 handlers)
[GIN-debug] GET    /api/nodes                --> github.com/yourusername/go-cesi/internal/api.(*NodesAPI).GetNodes-fm (4 handlers)
[GIN-debug] GET    /api/nodes/:node_name     --> github.com/yourusername/go-cesi/internal/api.(*NodesAPI).GetNode-fm (4 handlers)
[GIN-debug] GET    /api/nodes/:node_name/processes --> github.com/yourusername/go-cesi/internal/api.(*NodesAPI).GetNodeProcesses-fm (4 handlers)
[GIN-debug] POST   /api/nodes/:node_name/processes/:process_name/start --> github.com/yourusername/go-cesi/internal/api.(*NodesAPI).StartProcess-fm (4 handlers)
[GIN-debug] POST   /api/nodes/:node_name/processes/:process_name/stop --> github.com/yourusername/go-cesi/internal/api.(*NodesAPI).StopProcess-fm (4 handlers)
[GIN-debug] POST   /api/nodes/:node_name/processes/:process_name/restart --> github.com/yourusername/go-cesi/internal/api.(*NodesAPI).RestartProcess-fm (4 handlers)
[GIN-debug] GET    /api/nodes/:node_name/processes/:process_name/logs --> github.com/yourusername/go-cesi/internal/api.(*NodesAPI).GetProcessLogs-fm (4 handlers)
[GIN-debug] POST   /api/nodes/:node_name/processes/start-all --> github.com/yourusername/go-cesi/internal/api.(*NodesAPI).StartAllProcesses-fm (4 handlers)
[GIN-debug] POST   /api/nodes/:node_name/processes/stop-all --> github.com/yourusername/go-cesi/internal/api.(*NodesAPI).StopAllProcesses-fm (4 handlers)
[GIN-debug] POST   /api/nodes/:node_name/processes/restart-all --> github.com/yourusername/go-cesi/internal/api.(*NodesAPI).RestartAllProcesses-fm (4 handlers)
[GIN-debug] GET    /api/users                --> github.com/yourusername/go-cesi/internal/api.(*UserAPI).ListUsers-fm (4 handlers)
[GIN-debug] POST   /api/users                --> github.com/yourusername/go-cesi/internal/api.(*UserAPI).CreateUser-fm (4 handlers)
[GIN-debug] DELETE /api/users/:username      --> github.com/yourusername/go-cesi/internal/api.(*UserAPI).DeleteUser-fm (4 handlers)
[GIN-debug] PUT    /api/users/:username/password --> github.com/yourusername/go-cesi/internal/api.(*UserAPI).ChangePassword-fm (4 handlers)
[GIN-debug] GET    /api/profile              --> github.com/yourusername/go-cesi/internal/api.(*UserAPI).GetProfile-fm (4 handlers)
[GIN-debug] PUT    /api/profile              --> github.com/yourusername/go-cesi/internal/api.(*UserAPI).UpdateProfile-fm (4 handlers)
[GIN-debug] GET    /api/environments         --> github.com/yourusername/go-cesi/internal/api.(*EnvironmentsAPI).GetEnvironments-fm (4 handlers)
[GIN-debug] GET    /api/environments/:environment_name --> github.com/yourusername/go-cesi/internal/api.(*EnvironmentsAPI).GetEnvironmentDetails-fm (4 handlers)
[GIN-debug] GET    /api/groups               --> github.com/yourusername/go-cesi/internal/api.(*GroupsAPI).GetGroups-fm (4 handlers)
[GIN-debug] GET    /api/groups/:group_name   --> github.com/yourusername/go-cesi/internal/api.(*GroupsAPI).GetGroupDetails-fm (4 handlers)
[GIN-debug] POST   /api/groups/:group_name/start --> github.com/yourusername/go-cesi/internal/api.(*GroupsAPI).StartGroupProcesses-fm (4 handlers)
[GIN-debug] POST   /api/groups/:group_name/stop --> github.com/yourusername/go-cesi/internal/api.(*GroupsAPI).StopGroupProcesses-fm (4 handlers)
[GIN-debug] POST   /api/groups/:group_name/restart --> github.com/yourusername/go-cesi/internal/api.(*GroupsAPI).RestartGroupProcesses-fm (4 handlers)
[GIN-debug] GET    /api/activity-logs        --> github.com/yourusername/go-cesi/internal/api.(*ActivityLogsAPI).GetActivityLogs-fm (4 handlers)
[GIN-debug] GET    /api/activity-logs/recent --> github.com/yourusername/go-cesi/internal/api.(*ActivityLogsAPI).GetRecentLogs-fm (4 handlers)
[GIN-debug] GET    /api/activity-logs/statistics --> github.com/yourusername/go-cesi/internal/api.(*ActivityLogsAPI).GetLogStatistics-fm (4 handlers)
[GIN-debug] DELETE /api/activity-logs/clean  --> github.com/yourusername/go-cesi/internal/api.(*ActivityLogsAPI).CleanOldLogs-fm (4 handlers)
[GIN-debug] GET    /api/roles                --> github.com/yourusername/go-cesi/internal/api.(*RoleHandler).GetRoles-fm (4 handlers)
[GIN-debug] POST   /api/roles                --> github.com/yourusername/go-cesi/internal/api.(*RoleHandler).CreateRole-fm (4 handlers)
[GIN-debug] GET    /api/roles/:id            --> github.com/yourusername/go-cesi/internal/api.(*RoleHandler).GetRole-fm (4 handlers)
[GIN-debug] PUT    /api/roles/:id            --> github.com/yourusername/go-cesi/internal/api.(*RoleHandler).UpdateRole-fm (4 handlers)
[GIN-debug] DELETE /api/roles/:id            --> github.com/yourusername/go-cesi/internal/api.(*RoleHandler).DeleteRole-fm (4 handlers)
[GIN-debug] POST   /api/roles/:id/permissions --> github.com/yourusername/go-cesi/internal/api.(*RoleHandler).AssignPermissions-fm (4 handlers)
[GIN-debug] POST   /api/role-users/:roleId/users/:userId --> github.com/yourusername/go-cesi/internal/api.(*RoleHandler).AssignRoleToUser-fm (4 handlers)
[GIN-debug] DELETE /api/role-users/:roleId/users/:userId --> github.com/yourusername/go-cesi/internal/api.(*RoleHandler).RemoveRoleFromUser-fm (4 handlers)
[GIN-debug] GET    /api/permissions          --> github.com/yourusername/go-cesi/internal/api.(*RoleHandler).GetPermissions-fm (4 handlers)
[GIN-debug] POST   /api/alerts/rules         --> github.com/yourusername/go-cesi/internal/api.(*AlertHandler).CreateAlertRule-fm (4 handlers)
[GIN-debug] GET    /api/alerts/rules         --> github.com/yourusername/go-cesi/internal/api.(*AlertHandler).GetAlertRules-fm (4 handlers)
[GIN-debug] GET    /api/alerts/rules/:id     --> github.com/yourusername/go-cesi/internal/api.(*AlertHandler).GetAlertRule-fm (4 handlers)
[GIN-debug] PUT    /api/alerts/rules/:id     --> github.com/yourusername/go-cesi/internal/api.(*AlertHandler).UpdateAlertRule-fm (4 handlers)
[GIN-debug] DELETE /api/alerts/rules/:id     --> github.com/yourusername/go-cesi/internal/api.(*AlertHandler).DeleteAlertRule-fm (4 handlers)
[GIN-debug] GET    /api/alerts               --> github.com/yourusername/go-cesi/internal/api.(*AlertHandler).GetAlerts-fm (4 handlers)
[GIN-debug] GET    /api/alerts/:id           --> github.com/yourusername/go-cesi/internal/api.(*AlertHandler).GetAlert-fm (4 handlers)
[GIN-debug] POST   /api/alerts/:id/acknowledge --> github.com/yourusername/go-cesi/internal/api.(*AlertHandler).AcknowledgeAlert-fm (4 handlers)
[GIN-debug] POST   /api/alerts/:id/resolve   --> github.com/yourusername/go-cesi/internal/api.(*AlertHandler).ResolveAlert-fm (4 handlers)
[GIN-debug] POST   /api/alerts/channels      --> github.com/yourusername/go-cesi/internal/api.(*AlertHandler).CreateNotificationChannel-fm (4 handlers)
[GIN-debug] GET    /api/alerts/channels      --> github.com/yourusername/go-cesi/internal/api.(*AlertHandler).GetNotificationChannels-fm (4 handlers)
[GIN-debug] GET    /api/alerts/channels/:id  --> github.com/yourusername/go-cesi/internal/api.(*AlertHandler).GetNotificationChannel-fm (4 handlers)
[GIN-debug] PUT    /api/alerts/channels/:id  --> github.com/yourusername/go-cesi/internal/api.(*AlertHandler).UpdateNotificationChannel-fm (4 handlers)
[GIN-debug] DELETE /api/alerts/channels/:id  --> github.com/yourusername/go-cesi/internal/api.(*AlertHandler).DeleteNotificationChannel-fm (4 handlers)
[GIN-debug] POST   /api/alerts/channels/:id/test --> github.com/yourusername/go-cesi/internal/api.(*AlertHandler).TestNotificationChannel-fm (4 handlers)
[GIN-debug] POST   /api/alerts/metrics       --> github.com/yourusername/go-cesi/internal/api.(*AlertHandler).RecordSystemMetric-fm (4 handlers)
[GIN-debug] GET    /api/alerts/metrics       --> github.com/yourusername/go-cesi/internal/api.(*AlertHandler).GetSystemMetrics-fm (4 handlers)
[GIN-debug] GET    /api/alerts/statistics    --> github.com/yourusername/go-cesi/internal/api.(*AlertHandler).GetAlertStatistics-fm (4 handlers)
[GIN-debug] POST   /api/process-enhanced/scheduler/start --> github.com/yourusername/go-cesi/internal/api.(*ProcessEnhancedHandler).StartScheduler-fm (4 handlers)
[GIN-debug] POST   /api/process-enhanced/scheduler/stop --> github.com/yourusername/go-cesi/internal/api.(*ProcessEnhancedHandler).StopScheduler-fm (4 handlers)
[GIN-debug] POST   /api/process-enhanced/groups --> github.com/yourusername/go-cesi/internal/api.(*ProcessEnhancedHandler).CreateProcessGroup-fm (4 handlers)
[GIN-debug] GET    /api/process-enhanced/groups --> github.com/yourusername/go-cesi/internal/api.(*ProcessEnhancedHandler).GetProcessGroups-fm (4 handlers)
[GIN-debug] GET    /api/process-enhanced/groups/:id --> github.com/yourusername/go-cesi/internal/api.(*ProcessEnhancedHandler).GetProcessGroup-fm (4 handlers)
[GIN-debug] PUT    /api/process-enhanced/groups/:id --> github.com/yourusername/go-cesi/internal/api.(*ProcessEnhancedHandler).UpdateProcessGroup-fm (4 handlers)
[GIN-debug] DELETE /api/process-enhanced/groups/:id --> github.com/yourusername/go-cesi/internal/api.(*ProcessEnhancedHandler).DeleteProcessGroup-fm (4 handlers)
[GIN-debug] POST   /api/process-enhanced/groups/:id/processes --> github.com/yourusername/go-cesi/internal/api.(*ProcessEnhancedHandler).AddProcessToGroup-fm (4 handlers)
[GIN-debug] DELETE /api/process-enhanced/groups/:id/processes --> github.com/yourusername/go-cesi/internal/api.(*ProcessEnhancedHandler).RemoveProcessFromGroup-fm (4 handlers)
[GIN-debug] PUT    /api/process-enhanced/groups/:id/reorder --> github.com/yourusername/go-cesi/internal/api.(*ProcessEnhancedHandler).ReorderProcessesInGroup-fm (4 handlers)
[GIN-debug] POST   /api/process-enhanced/dependencies --> github.com/yourusername/go-cesi/internal/api.(*ProcessEnhancedHandler).CreateProcessDependency-fm (4 handlers)
[GIN-debug] GET    /api/process-enhanced/dependencies --> github.com/yourusername/go-cesi/internal/api.(*ProcessEnhancedHandler).GetProcessDependencies-fm (4 handlers)
[GIN-debug] GET    /api/process-enhanced/dependent-processes --> github.com/yourusername/go-cesi/internal/api.(*ProcessEnhancedHandler).GetDependentProcesses-fm (4 handlers)
[GIN-debug] DELETE /api/process-enhanced/dependencies/:id --> github.com/yourusername/go-cesi/internal/api.(*ProcessEnhancedHandler).DeleteProcessDependency-fm (4 handlers)
[GIN-debug] POST   /api/process-enhanced/startup-order --> github.com/yourusername/go-cesi/internal/api.(*ProcessEnhancedHandler).GetStartupOrder-fm (4 handlers)
[GIN-debug] POST   /api/process-enhanced/scheduled-tasks --> github.com/yourusername/go-cesi/internal/api.(*ProcessEnhancedHandler).CreateScheduledTask-fm (4 handlers)
[GIN-debug] GET    /api/process-enhanced/scheduled-tasks --> github.com/yourusername/go-cesi/internal/api.(*ProcessEnhancedHandler).GetScheduledTasks-fm (4 handlers)
[GIN-debug] GET    /api/process-enhanced/scheduled-tasks/:id --> github.com/yourusername/go-cesi/internal/api.(*ProcessEnhancedHandler).GetScheduledTask-fm (4 handlers)
[GIN-debug] PUT    /api/process-enhanced/scheduled-tasks/:id --> github.com/yourusername/go-cesi/internal/api.(*ProcessEnhancedHandler).UpdateScheduledTask-fm (4 handlers)
[GIN-debug] DELETE /api/process-enhanced/scheduled-tasks/:id --> github.com/yourusername/go-cesi/internal/api.(*ProcessEnhancedHandler).DeleteScheduledTask-fm (4 handlers)
[GIN-debug] GET    /api/process-enhanced/scheduled-tasks/:id/executions --> github.com/yourusername/go-cesi/internal/api.(*ProcessEnhancedHandler).GetTaskExecutions-fm (4 handlers)
[GIN-debug] POST   /api/process-enhanced/templates --> github.com/yourusername/go-cesi/internal/api.(*ProcessEnhancedHandler).CreateProcessTemplate-fm (4 handlers)
[GIN-debug] GET    /api/process-enhanced/templates --> github.com/yourusername/go-cesi/internal/api.(*ProcessEnhancedHandler).GetProcessTemplates-fm (4 handlers)
[GIN-debug] GET    /api/process-enhanced/templates/:id --> github.com/yourusername/go-cesi/internal/api.(*ProcessEnhancedHandler).GetProcessTemplate-fm (4 handlers)
[GIN-debug] PUT    /api/process-enhanced/templates/:id --> github.com/yourusername/go-cesi/internal/api.(*ProcessEnhancedHandler).UpdateProcessTemplate-fm (4 handlers)
[GIN-debug] DELETE /api/process-enhanced/templates/:id --> github.com/yourusername/go-cesi/internal/api.(*ProcessEnhancedHandler).DeleteProcessTemplate-fm (4 handlers)
[GIN-debug] POST   /api/process-enhanced/templates/:id/use --> github.com/yourusername/go-cesi/internal/api.(*ProcessEnhancedHandler).UseTemplate-fm (4 handlers)
[GIN-debug] POST   /api/process-enhanced/backups --> github.com/yourusername/go-cesi/internal/api.(*ProcessEnhancedHandler).CreateProcessBackup-fm (4 handlers)
[GIN-debug] GET    /api/process-enhanced/backups --> github.com/yourusername/go-cesi/internal/api.(*ProcessEnhancedHandler).GetProcessBackups-fm (4 handlers)
[GIN-debug] POST   /api/process-enhanced/backups/:id/restore --> github.com/yourusername/go-cesi/internal/api.(*ProcessEnhancedHandler).RestoreProcessBackup-fm (4 handlers)
[GIN-debug] POST   /api/process-enhanced/metrics --> github.com/yourusername/go-cesi/internal/api.(*ProcessEnhancedHandler).RecordProcessMetrics-fm (4 handlers)
[GIN-debug] GET    /api/process-enhanced/metrics --> github.com/yourusername/go-cesi/internal/api.(*ProcessEnhancedHandler).GetProcessMetrics-fm (4 handlers)
[GIN-debug] GET    /api/process-enhanced/metrics/statistics --> github.com/yourusername/go-cesi/internal/api.(*ProcessEnhancedHandler).GetProcessMetricsStatistics-fm (4 handlers)
[GIN-debug] POST   /api/process-enhanced/cleanup --> github.com/yourusername/go-cesi/internal/api.(*ProcessEnhancedHandler).CleanupOldData-fm (4 handlers)
[GIN-debug] GET    /api/configuration        --> github.com/yourusername/go-cesi/internal/api.(*ConfigurationHandler).GetConfigurations-fm (4 handlers)
[GIN-debug] POST   /api/configuration        --> github.com/yourusername/go-cesi/internal/api.(*ConfigurationHandler).CreateConfiguration-fm (4 handlers)
[GIN-debug] GET    /api/configuration/:id    --> github.com/yourusername/go-cesi/internal/api.(*ConfigurationHandler).GetConfiguration-fm (4 handlers)
[GIN-debug] PUT    /api/configuration/:id    --> github.com/yourusername/go-cesi/internal/api.(*ConfigurationHandler).UpdateConfiguration-fm (4 handlers)
[GIN-debug] DELETE /api/configuration/:id    --> github.com/yourusername/go-cesi/internal/api.(*ConfigurationHandler).DeleteConfiguration-fm (4 handlers)
[GIN-debug] GET    /api/configuration/env-vars --> github.com/yourusername/go-cesi/internal/api.(*ConfigurationHandler).GetEnvironmentVariables-fm (4 handlers)
[GIN-debug] POST   /api/configuration/env-vars --> github.com/yourusername/go-cesi/internal/api.(*ConfigurationHandler).CreateEnvironmentVariable-fm (4 handlers)
[GIN-debug] GET    /api/configuration/env-vars/:id --> github.com/yourusername/go-cesi/internal/api.(*ConfigurationHandler).GetEnvironmentVariable-fm (4 handlers)
[GIN-debug] PUT    /api/configuration/env-vars/:id --> github.com/yourusername/go-cesi/internal/api.(*ConfigurationHandler).UpdateEnvironmentVariable-fm (4 handlers)
[GIN-debug] DELETE /api/configuration/env-vars/:id --> github.com/yourusername/go-cesi/internal/api.(*ConfigurationHandler).DeleteEnvironmentVariable-fm (4 handlers)
[GIN-debug] GET    /api/configuration/backups --> github.com/yourusername/go-cesi/internal/api.(*ConfigurationHandler).GetBackups-fm (4 handlers)
[GIN-debug] POST   /api/configuration/backups --> github.com/yourusername/go-cesi/internal/api.(*ConfigurationHandler).CreateBackup-fm (4 handlers)
[GIN-debug] GET    /api/configuration/backups/:id --> github.com/yourusername/go-cesi/internal/api.(*ConfigurationHandler).GetBackup-fm (4 handlers)
[GIN-debug] POST   /api/configuration/backups/:id/restore --> github.com/yourusername/go-cesi/internal/api.(*ConfigurationHandler).RestoreBackup-fm (4 handlers)
[GIN-debug] DELETE /api/configuration/backups/:id --> github.com/yourusername/go-cesi/internal/api.(*ConfigurationHandler).DeleteBackup-fm (4 handlers)
[GIN-debug] GET    /api/configuration/export --> github.com/yourusername/go-cesi/internal/api.(*ConfigurationHandler).ExportConfigurations-fm (4 handlers)
[GIN-debug] POST   /api/configuration/import --> github.com/yourusername/go-cesi/internal/api.(*ConfigurationHandler).ImportConfigurations-fm (4 handlers)
[GIN-debug] GET    /api/configuration/history --> github.com/yourusername/go-cesi/internal/api.(*ConfigurationHandler).GetConfigurationHistory-fm (4 handlers)
[GIN-debug] GET    /api/configuration/audit-logs --> github.com/yourusername/go-cesi/internal/api.(*ConfigurationHandler).GetAuditLogs-fm (4 handlers)
[GIN-debug] POST   /api/configuration/cleanup --> github.com/yourusername/go-cesi/internal/api.(*ConfigurationHandler).CleanupOldData-fm (4 handlers)
[GIN-debug] GET    /api/logs                 --> github.com/yourusername/go-cesi/internal/api.(*LogAnalysisHandler).GetLogEntries-fm (4 handlers)
[GIN-debug] POST   /api/logs                 --> github.com/yourusername/go-cesi/internal/api.(*LogAnalysisHandler).CreateLogEntry-fm (4 handlers)
[GIN-debug] GET    /api/logs/:id             --> github.com/yourusername/go-cesi/internal/api.(*LogAnalysisHandler).GetLogEntry-fm (4 handlers)
[GIN-debug] DELETE /api/logs/:id             --> github.com/yourusername/go-cesi/internal/api.(*LogAnalysisHandler).DeleteLogEntry-fm (4 handlers)
[GIN-debug] GET    /api/logs/rules           --> github.com/yourusername/go-cesi/internal/api.(*LogAnalysisHandler).GetAnalysisRules-fm (4 handlers)
[GIN-debug] POST   /api/logs/rules           --> github.com/yourusername/go-cesi/internal/api.(*LogAnalysisHandler).CreateAnalysisRule-fm (4 handlers)
[GIN-debug] GET    /api/logs/rules/:id       --> github.com/yourusername/go-cesi/internal/api.(*LogAnalysisHandler).GetAnalysisRule-fm (4 handlers)
[GIN-debug] PUT    /api/logs/rules/:id       --> github.com/yourusername/go-cesi/internal/api.(*LogAnalysisHandler).UpdateAnalysisRule-fm (4 handlers)
[GIN-debug] DELETE /api/logs/rules/:id       --> github.com/yourusername/go-cesi/internal/api.(*LogAnalysisHandler).DeleteAnalysisRule-fm (4 handlers)
[GIN-debug] GET    /api/logs/statistics      --> github.com/yourusername/go-cesi/internal/api.(*LogAnalysisHandler).GetLogStatistics-fm (4 handlers)
[GIN-debug] GET    /api/logs/alerts          --> github.com/yourusername/go-cesi/internal/api.(*LogAnalysisHandler).GetLogAlerts-fm (4 handlers)
[GIN-debug] POST   /api/logs/alerts/:id/acknowledge --> github.com/yourusername/go-cesi/internal/api.(*LogAnalysisHandler).AcknowledgeAlert-fm (4 handlers)
[GIN-debug] POST   /api/logs/alerts/:id/resolve --> github.com/yourusername/go-cesi/internal/api.(*LogAnalysisHandler).ResolveAlert-fm (4 handlers)
[GIN-debug] GET    /api/logs/filters         --> github.com/yourusername/go-cesi/internal/api.(*LogAnalysisHandler).GetLogFilters-fm (4 handlers)
[GIN-debug] POST   /api/logs/filters         --> github.com/yourusername/go-cesi/internal/api.(*LogAnalysisHandler).CreateLogFilter-fm (4 handlers)
[GIN-debug] PUT    /api/logs/filters/:id     --> github.com/yourusername/go-cesi/internal/api.(*LogAnalysisHandler).UpdateLogFilter-fm (4 handlers)
[GIN-debug] DELETE /api/logs/filters/:id     --> github.com/yourusername/go-cesi/internal/api.(*LogAnalysisHandler).DeleteLogFilter-fm (4 handlers)
[GIN-debug] GET    /api/logs/exports         --> github.com/yourusername/go-cesi/internal/api.(*LogAnalysisHandler).GetLogExports-fm (4 handlers)
[GIN-debug] POST   /api/logs/exports         --> github.com/yourusername/go-cesi/internal/api.(*LogAnalysisHandler).CreateLogExport-fm (4 handlers)
[GIN-debug] GET    /api/logs/exports/:id     --> github.com/yourusername/go-cesi/internal/api.(*LogAnalysisHandler).GetLogExport-fm (4 handlers)
[GIN-debug] DELETE /api/logs/exports/:id     --> github.com/yourusername/go-cesi/internal/api.(*LogAnalysisHandler).DeleteLogExport-fm (4 handlers)
[GIN-debug] GET    /api/logs/retention-policies --> github.com/yourusername/go-cesi/internal/api.(*LogAnalysisHandler).GetRetentionPolicies-fm (4 handlers)
[GIN-debug] POST   /api/logs/retention-policies --> github.com/yourusername/go-cesi/internal/api.(*LogAnalysisHandler).CreateRetentionPolicy-fm (4 handlers)
[GIN-debug] PUT    /api/logs/retention-policies/:id --> github.com/yourusername/go-cesi/internal/api.(*LogAnalysisHandler).UpdateRetentionPolicy-fm (4 handlers)
[GIN-debug] DELETE /api/logs/retention-policies/:id --> github.com/yourusername/go-cesi/internal/api.(*LogAnalysisHandler).DeleteRetentionPolicy-fm (4 handlers)
[GIN-debug] POST   /api/logs/retention-policies/execute --> github.com/yourusername/go-cesi/internal/api.(*LogAnalysisHandler).ExecuteRetentionPolicies-fm (4 handlers)
[GIN-debug] POST   /api/logs/cleanup         --> github.com/yourusername/go-cesi/internal/api.(*LogAnalysisHandler).CleanupOldLogs-fm (4 handlers)
[GIN-debug] POST   /api/data-management/export --> github.com/yourusername/go-cesi/internal/api.(*DataManagementAPI).ExportData-fm (4 handlers)
[GIN-debug] GET    /api/data-management/exports --> github.com/yourusername/go-cesi/internal/api.(*DataManagementAPI).GetExportRecords-fm (4 handlers)
[GIN-debug] GET    /api/data-management/exports/:id/download --> github.com/yourusername/go-cesi/internal/api.(*DataManagementAPI).DownloadExportFile-fm (4 handlers)
[GIN-debug] DELETE /api/data-management/exports/:id --> github.com/yourusername/go-cesi/internal/api.(*DataManagementAPI).DeleteExportRecord-fm (4 handlers)
[GIN-debug] POST   /api/data-management/backup --> github.com/yourusername/go-cesi/internal/api.(*DataManagementAPI).CreateBackup-fm (4 handlers)
[GIN-debug] GET    /api/data-management/backups --> github.com/yourusername/go-cesi/internal/api.(*DataManagementAPI).GetBackupRecords-fm (4 handlers)
[GIN-debug] GET    /api/data-management/backups/:id/download --> github.com/yourusername/go-cesi/internal/api.(*DataManagementAPI).DownloadBackupFile-fm (4 handlers)
[GIN-debug] DELETE /api/data-management/backups/:id --> github.com/yourusername/go-cesi/internal/api.(*DataManagementAPI).DeleteBackupRecord-fm (4 handlers)
[GIN-debug] POST   /api/data-management/import --> github.com/yourusername/go-cesi/internal/api.(*DataManagementAPI).ImportData-fm (4 handlers)
[GIN-debug] GET    /api/system-settings      --> github.com/yourusername/go-cesi/internal/api.(*SystemSettingsAPI).GetSystemSettings-fm (4 handlers)
[GIN-debug] GET    /api/system-settings/:key --> github.com/yourusername/go-cesi/internal/api.(*SystemSettingsAPI).GetSystemSetting-fm (4 handlers)
[GIN-debug] PUT    /api/system-settings/:key --> github.com/yourusername/go-cesi/internal/api.(*SystemSettingsAPI).UpdateSystemSetting-fm (4 handlers)
[GIN-debug] PUT    /api/system-settings/batch --> github.com/yourusername/go-cesi/internal/api.(*SystemSettingsAPI).UpdateMultipleSettings-fm (4 handlers)
[GIN-debug] DELETE /api/system-settings/:key --> github.com/yourusername/go-cesi/internal/api.(*SystemSettingsAPI).DeleteSystemSetting-fm (4 handlers)
[GIN-debug] POST   /api/system-settings/reset --> github.com/yourusername/go-cesi/internal/api.(*SystemSettingsAPI).ResetToDefaults-fm (4 handlers)
[GIN-debug] GET    /api/system-settings/user-preferences --> github.com/yourusername/go-cesi/internal/api.(*SystemSettingsAPI).GetUserPreferences-fm (4 handlers)
[GIN-debug] PUT    /api/system-settings/user-preferences --> github.com/yourusername/go-cesi/internal/api.(*SystemSettingsAPI).UpdateUserPreferences-fm (4 handlers)
[GIN-debug] POST   /api/system-settings/test-email --> github.com/yourusername/go-cesi/internal/api.(*SystemSettingsAPI).TestEmailConfiguration-fm (4 handlers)
[GIN-debug] GET    /api/developer/api-docs   --> github.com/yourusername/go-cesi/internal/api.(*DeveloperToolsAPI).GetApiEndpoints-fm (4 handlers)
[GIN-debug] POST   /api/developer/test-api   --> github.com/yourusername/go-cesi/internal/api.(*DeveloperToolsAPI).TestApiEndpoint-fm (4 handlers)
[GIN-debug] GET    /api/developer/debug-logs --> github.com/yourusername/go-cesi/internal/api.(*DeveloperToolsAPI).GetDebugLogs-fm (4 handlers)
[GIN-debug] DELETE /api/developer/debug-logs --> github.com/yourusername/go-cesi/internal/api.(*DeveloperToolsAPI).ClearDebugLogs-fm (4 handlers)
[GIN-debug] PUT    /api/developer/log-level  --> github.com/yourusername/go-cesi/internal/api.(*DeveloperToolsAPI).SetLogLevel-fm (4 handlers)
[GIN-debug] GET    /api/developer/performance --> github.com/yourusername/go-cesi/internal/api.(*DeveloperToolsAPI).GetPerformanceMetrics-fm (4 handlers)
[GIN-debug] GET    /api/developer/system-metrics --> github.com/yourusername/go-cesi/internal/api.(*DeveloperToolsAPI).GetSystemMetrics-fm (4 handlers)
[GIN-debug] GET    /api/developer/api-metrics --> github.com/yourusername/go-cesi/internal/api.(*DeveloperToolsAPI).GetApiMetrics-fm (4 handlers)
[GIN-debug] GET    /api/developer/database-metrics --> github.com/yourusername/go-cesi/internal/api.(*DeveloperToolsAPI).GetDatabaseMetrics-fm (4 handlers)
[GIN-debug] GET    /api/developer/websocket-metrics --> github.com/yourusername/go-cesi/internal/api.(*DeveloperToolsAPI).GetWebSocketMetrics-fm (4 handlers)
[GIN-debug] GET    /ws                       --> main.main.func1 (4 handlers)
[GIN-debug] GET    /login                    --> main.main.func2 (3 handlers)
[GIN-debug] GET    /legacy/                  --> main.main.func4 (4 handlers)
[GIN-debug] GET    /legacy/dashboard         --> main.main.func5 (4 handlers)
[GIN-debug] GET    /legacy/nodes             --> main.main.func6 (4 handlers)
[GIN-debug] GET    /legacy/logs              --> main.main.func7 (4 handlers)
[GIN-debug] GET    /legacy/users             --> main.main.func8 (4 handlers)
[GIN-debug] GET    /legacy/environments      --> main.main.func9 (4 handlers)
[GIN-debug] GET    /legacy/groups            --> main.main.func10 (4 handlers)
[GIN-debug] GET    /legacy/activity-logs     --> main.main.func11 (4 handlers)
2025/07/28 16:27:34 Server starting on 0.0.0.0:8081
[GIN-debug] [WARNING] You trusted all proxies, this is NOT safe. We recommend you to set a value.
Please check https://pkg.go.dev/github.com/gin-gonic/gin#readme-don-t-trust-all-proxies for details.
[GIN-debug] Listening and serving HTTP on 0.0.0.0:8081
Auto-refreshing node connections...
Auto-refreshing node connections...
Auto-refreshing node connections...
Auto-refreshing node connections...
Auto-refreshing node connections...
Auto-refreshing node connections...
Auto-refreshing node connections...
Auto-refreshing node connections...
Auto-refreshing node connections...
2025/07/28 16:32:23 Attempting login for user: admin
2025/07/28 16:32:23 Stored password hash: $2a$10$D2O0K5ZDATQzuERzBdGGyu6E5jY0XuL0Eyurq3mOiCr74wF08RI4y
2025/07/28 16:32:23 Verifying password for user: admin
2025/07/28 16:32:23 Stored hash: $2a$10$D2O0K5ZDATQzuERzBdGGyu6E5jY0XuL0Eyurq3mOiCr74wF08RI4y
2025/07/28 16:32:23 Input password: admin123
2025/07/28 16:32:23 Password verification result: true
[GIN] 2025/07/28 - 16:32:23 | 200 |   66.284585ms |       127.0.0.1 | POST     "/api/auth/login"
Auto-refreshing node connections...
[GIN] 2025/07/28 - 16:32:36 | 404 |      20.403ms |       127.0.0.1 | GET      "/api/auth/login"
